themes/build/intermediates/manifest_merge_blame_file/debug/processDebugManifest/manifest-merger-blame-debug-report.txt
1<?xml version="1.0" encoding="utf-8"?>
2<manifest xmlns:android="http://schemas.android.com/apk/res/android"
3    package="dev.lucasnlm.antimine.themes" >
4
5    <uses-sdk android:minSdkVersion="21" />
6
7    <application>
7-->src\main\AndroidManifest.xml:4:5-9:19
8        <activity
8-->src\main\AndroidManifest.xml:5:9-8:47
9            android:name="dev.lucasnlm.antimine.themes.ThemeActivity"
9-->src\main\AndroidManifest.xml:6:13-42
10            android:label="@string/themes"
10-->src\main\AndroidManifest.xml:7:13-43
11            android:theme="@style/AppTheme" />
11-->src\main\AndroidManifest.xml:8:13-44
12    </application>
13
14</manifest>